<?xml version="1.0" encoding="UTF-8"?>
<!-- Generated by org.testng.reporters.JUnitXMLReporter -->
<testsuite ignored="0" hostname="Seema" failures="1" tests="1" name="Test" time="19.311" errors="0" timestamp="2023-11-19T20:29:01 IST">
  <testcase classname="com.Testcases.LoginTest" name="HomeTest" time="0.014">
    <failure type="java.io.FileNotFoundException" message="D:\MY DOCS\Station.xlsx (The system cannot find the path specified)">
      <![CDATA[java.io.FileNotFoundException: D:\MY DOCS\Station.xlsx (The system cannot find the path specified)
at java.base/java.io.FileInputStream.open0(Native Method)
at java.base/java.io.FileInputStream.open(FileInputStream.java:216)
at java.base/java.io.FileInputStream.<init>(FileInputStream.java:157)
at java.base/java.io.FileInputStream.<init>(FileInputStream.java:111)
at com.Testcases.LoginTest.HomeTest(LoginTest.java:22)
at java.base/java.util.ArrayList.forEach(ArrayList.java:1511)
... Removed 27 stack frames]]>
    </failure>
  </testcase> <!-- HomeTest -->
</testsuite> <!-- Test -->
