<?xml version="1.0" encoding="UTF-8"?>
<!-- Generated by org.testng.reporters.JUnitXMLReporter -->
<testsuite ignored="0" hostname="UTL-LPT-4192" failures="1" tests="1" name="LoginTest" time="67.037" errors="0" timestamp="2023-11-19T17:51:22 IST">
  <testcase classname="com.Testcases.LoginTest" name="HomeTest" time="16.233">
    <failure type="java.lang.NullPointerException" message="Cannot invoke &amp;quot;com.Testcases.LoginPage.login(String, String)&amp;quot; because &amp;quot;this.objLogin&amp;quot; is null">
      <![CDATA[java.lang.NullPointerException: Cannot invoke "com.Testcases.LoginPage.login(String, String)" because "this.objLogin" is null
at com.Testcases.LoginTest.HomeTest(LoginTest.java:35)
at java.base/java.util.ArrayList.forEach(ArrayList.java:1511)
... Removed 25 stack frames]]>
    </failure>
  </testcase> <!-- HomeTest -->
</testsuite> <!-- LoginTest -->
